<?xml version="1.0" encoding="UTF-8"?>
<testsuite name="SILab2Test" tests="2" skipped="0" failures="0" errors="0" timestamp="2022-06-01T23:02:16" hostname="TEMKO-LAPTOP" time="0.029">
  <properties/>
  <testcase name="everyBranch()" classname="SILab2Test" time="0.026"/>
  <testcase name="everyStatement()" classname="SILab2Test" time="0.002"/>
  <system-out><![CDATA[]]></system-out>
  <system-err><![CDATA[]]></system-err>
</testsuite>
